#
# There is insufficient memory for the Java Runtime Environment to continue.
# Native memory allocation (malloc) failed to allocate 32744 bytes. Error detail: ChunkPool::allocate
# Possible reasons:
#   The system is out of physical RAM or swap space
#   This process is running with CompressedOops enabled, and the Java Heap may be blocking the growth of the native heap
# Possible solutions:
#   Reduce memory load on the system
#   Increase physical memory or swap space
#   Check if swap backing store is full
#   Decrease Java heap size (-Xmx/-Xms)
#   Decrease number of Java threads
#   Decrease Java thread stack sizes (-Xss)
#   Set larger code cache with -XX:ReservedCodeCacheSize=
#   JVM is running with Unscaled Compressed Oops mode in which the Java heap is
#     placed in the first 4GB address space. The Java Heap base address is the
#     maximum limit for the native heap growth. Please use -XX:HeapBaseMinAddress
#     to set the Java Heap base and to place the Java Heap above 4GB virtual address.
# This output file may be truncated or incomplete.
#
#  Out of Memory Error (arena.cpp:79), pid=10932, tid=12944
#
# JRE version: OpenJDK Runtime Environment (17.0.11) (build 17.0.11+0--11852314)
# Java VM: OpenJDK 64-Bit Server VM (17.0.11+0--11852314, mixed mode, tiered, compressed oops, compressed class ptrs, g1 gc, windows-amd64)
# No core dump will be written. Minidumps are not enabled by default on client versions of Windows
#

---------------  S U M M A R Y ------------

Command Line: --add-opens=java.base/java.util=ALL-UNNAMED --add-opens=java.base/java.lang=ALL-UNNAMED --add-opens=java.base/java.lang.invoke=ALL-UNNAMED --add-opens=java.prefs/java.util.prefs=ALL-UNNAMED --add-opens=java.base/java.nio.charset=ALL-UNNAMED --add-opens=java.base/java.net=ALL-UNNAMED --add-opens=java.base/java.util.concurrent.atomic=ALL-UNNAMED -Xmx2048m -Dfile.encoding=UTF-8 -Duser.country=VN -Duser.language=vi -Duser.variant -javaagent:C:\Users\x\.gradle\wrapper\dists\gradle-8.7-bin\bhs2wmbdwecv87pi65oeuq5iu\gradle-8.7\lib\agents\gradle-instrumentation-agent-8.7.jar org.gradle.launcher.daemon.bootstrap.GradleDaemon 8.7

Host: AMD Ryzen 5 3500U with Radeon Vega Mobile Gfx  , 8 cores, 5G,  Windows 11 , 64 bit Build 22621 (10.0.22621.3958)
Time: Fri Sep  6 14:20:32 2024 SE Asia Standard Time elapsed time: 17.966669 seconds (0d 0h 0m 17s)

---------------  T H R E A D  ---------------

Current thread (0x00000277ac031320):  JavaThread "C2 CompilerThread0" daemon [_thread_in_native, id=12944, stack(0x000000fe01000000,0x000000fe01100000)]


Current CompileTask:
C2:  17967 6629       4       java.lang.invoke.LambdaForm$Name::replaceNames (175 bytes)

Stack: [0x000000fe01000000,0x000000fe01100000]
Native frames: (J=compiled Java code, j=interpreted, Vv=VM code, C=native code)
V  [jvm.dll+0x687bb9]
V  [jvm.dll+0x84142a]
V  [jvm.dll+0x8430ae]
V  [jvm.dll+0x843713]
V  [jvm.dll+0x24a35f]
V  [jvm.dll+0xac741]
V  [jvm.dll+0xacb8c]
V  [jvm.dll+0x36ef82]
V  [jvm.dll+0x5704d6]
V  [jvm.dll+0x334199]
V  [jvm.dll+0x33360a]
V  [jvm.dll+0x21bed1]
V  [jvm.dll+0x21b311]
V  [jvm.dll+0x1a63ed]
V  [jvm.dll+0x22b1ee]
V  [jvm.dll+0x229375]
V  [jvm.dll+0x7f5647]
V  [jvm.dll+0x7efa4a]
V  [jvm.dll+0x686a35]
C  [ucrtbase.dll+0x29333]
C  [KERNEL32.DLL+0x1257d]
C  [ntdll.dll+0x5af28]


---------------  P R O C E S S  ---------------

Threads class SMR info:
_java_thread_list=0x00000277afa52a70, length=45, elements={
0x000002778e02c490, 0x00000277a7e8a290, 0x00000277a7e8b110, 0x00000277a7eb66a0,
0x00000277ac02f100, 0x00000277ac02fbc0, 0x00000277ac030580, 0x00000277ac031320,
0x00000277ac032de0, 0x00000277ac035fd0, 0x00000277ac1384d0, 0x00000277ac3bb340,
0x00000277ada3b040, 0x00000277addbc030, 0x00000277ad56ba80, 0x00000277adc0ae90,
0x00000277adc54440, 0x00000277acb0c5f0, 0x00000277acb0da30, 0x00000277acb0df40,
0x00000277acb0e450, 0x00000277acb0c0e0, 0x00000277acb0b1b0, 0x00000277acb0b6c0,
0x00000277acb0d010, 0x00000277adf2f730, 0x00000277adf35250, 0x00000277adf34d40,
0x00000277adf324c0, 0x00000277adf35c70, 0x00000277adf2fc40, 0x00000277adf31590,
0x00000277adf31aa0, 0x00000277adf34320, 0x00000277adf36180, 0x00000277adf30150,
0x00000277adf31fb0, 0x00000277adf2ed10, 0x00000277adf2f220, 0x00000277adf329d0,
0x00000277b00d1fc0, 0x00000277b00d0160, 0x00000277b00d0670, 0x00000277b00d1090,
0x00000277b00cfc50
}

Java Threads: ( => current thread )
  0x000002778e02c490 JavaThread "main" [_thread_blocked, id=10292, stack(0x000000fe00300000,0x000000fe00400000)]
  0x00000277a7e8a290 JavaThread "Reference Handler" daemon [_thread_blocked, id=9680, stack(0x000000fe00a00000,0x000000fe00b00000)]
  0x00000277a7e8b110 JavaThread "Finalizer" daemon [_thread_blocked, id=4260, stack(0x000000fe00b00000,0x000000fe00c00000)]
  0x00000277a7eb66a0 JavaThread "Signal Dispatcher" daemon [_thread_blocked, id=9156, stack(0x000000fe00c00000,0x000000fe00d00000)]
  0x00000277ac02f100 JavaThread "Attach Listener" daemon [_thread_blocked, id=6100, stack(0x000000fe00d00000,0x000000fe00e00000)]
  0x00000277ac02fbc0 JavaThread "Service Thread" daemon [_thread_blocked, id=8372, stack(0x000000fe00e00000,0x000000fe00f00000)]
  0x00000277ac030580 JavaThread "Monitor Deflation Thread" daemon [_thread_blocked, id=7860, stack(0x000000fe00f00000,0x000000fe01000000)]
=>0x00000277ac031320 JavaThread "C2 CompilerThread0" daemon [_thread_in_native, id=12944, stack(0x000000fe01000000,0x000000fe01100000)]
  0x00000277ac032de0 JavaThread "C1 CompilerThread0" daemon [_thread_blocked, id=8628, stack(0x000000fe01100000,0x000000fe01200000)]
  0x00000277ac035fd0 JavaThread "Sweeper thread" daemon [_thread_blocked, id=7040, stack(0x000000fe01200000,0x000000fe01300000)]
  0x00000277ac1384d0 JavaThread "Common-Cleaner" daemon [_thread_blocked, id=6412, stack(0x000000fe01300000,0x000000fe01400000)]
  0x00000277ac3bb340 JavaThread "Notification Thread" daemon [_thread_blocked, id=12636, stack(0x000000fe01400000,0x000000fe01500000)]
  0x00000277ada3b040 JavaThread "Daemon health stats" [_thread_blocked, id=9032, stack(0x000000fe01a00000,0x000000fe01b00000)]
  0x00000277addbc030 JavaThread "Incoming local TCP Connector on port 51262" [_thread_in_native, id=5300, stack(0x000000fe01b00000,0x000000fe01c00000)]
  0x00000277ad56ba80 JavaThread "Daemon periodic checks" [_thread_blocked, id=7196, stack(0x000000fe01c00000,0x000000fe01d00000)]
  0x00000277adc0ae90 JavaThread "Daemon" [_thread_blocked, id=12504, stack(0x000000fe01d00000,0x000000fe01e00000)]
  0x00000277adc54440 JavaThread "Handler for socket connection from /127.0.0.1:51262 to /127.0.0.1:51263" [_thread_in_native, id=3368, stack(0x000000fe01e00000,0x000000fe01f00000)]
  0x00000277acb0c5f0 JavaThread "Cancel handler" [_thread_blocked, id=9036, stack(0x000000fe01f00000,0x000000fe02000000)]
  0x00000277acb0da30 JavaThread "Daemon worker" [_thread_in_Java, id=304, stack(0x000000fe02000000,0x000000fe02100000)]
  0x00000277acb0df40 JavaThread "Asynchronous log dispatcher for DefaultDaemonConnection: socket connection from /127.0.0.1:51262 to /127.0.0.1:51263" [_thread_blocked, id=3888, stack(0x000000fe02100000,0x000000fe02200000)]
  0x00000277acb0e450 JavaThread "Stdin handler" [_thread_blocked, id=4032, stack(0x000000fe02200000,0x000000fe02300000)]
  0x00000277acb0c0e0 JavaThread "Daemon client event forwarder" [_thread_blocked, id=10084, stack(0x000000fe02300000,0x000000fe02400000)]
  0x00000277acb0b1b0 JavaThread "Cache worker for journal cache (C:\Users\x\.gradle\caches\journal-1)" [_thread_blocked, id=12768, stack(0x000000fe02800000,0x000000fe02900000)]
  0x00000277acb0b6c0 JavaThread "File lock request listener" [_thread_in_native, id=3636, stack(0x000000fe02900000,0x000000fe02a00000)]
  0x00000277acb0d010 JavaThread "Cache worker for file hash cache (C:\Users\x\.gradle\caches\8.7\fileHashes)" [_thread_blocked, id=2824, stack(0x000000fe02a00000,0x000000fe02b00000)]
  0x00000277adf2f730 JavaThread "Cache worker for file hash cache (C:\Users\x\androiddev2024\USTHWeather\.gradle\8.7\fileHashes)" [_thread_blocked, id=10464, stack(0x000000fe02b00000,0x000000fe02c00000)]
  0x00000277adf35250 JavaThread "Cache worker for checksums cache (C:\Users\x\androiddev2024\USTHWeather\.gradle\8.7\checksums)" [_thread_blocked, id=9608, stack(0x000000fe02e00000,0x000000fe02f00000)]
  0x00000277adf34d40 JavaThread "Cache worker for cache directory md-supplier (C:\Users\x\.gradle\caches\8.7\md-supplier)" [_thread_blocked, id=11176, stack(0x000000fe02f00000,0x000000fe03000000)]
  0x00000277adf324c0 JavaThread "Cache worker for cache directory md-rule (C:\Users\x\.gradle\caches\8.7\md-rule)" [_thread_blocked, id=5000, stack(0x000000fe03000000,0x000000fe03100000)]
  0x00000277adf35c70 JavaThread "Cache worker for file content cache (C:\Users\x\.gradle\caches\8.7\fileContent)" [_thread_blocked, id=2236, stack(0x000000fe03100000,0x000000fe03200000)]
  0x00000277adf2fc40 JavaThread "Cache worker for Build Output Cleanup Cache (C:\Users\x\androiddev2024\USTHWeather\.gradle\buildOutputCleanup)" [_thread_blocked, id=1272, stack(0x000000fe03300000,0x000000fe03400000)]
  0x00000277adf31590 JavaThread "Unconstrained build operations" [_thread_blocked, id=5308, stack(0x000000fe03400000,0x000000fe03500000)]
  0x00000277adf31aa0 JavaThread "Unconstrained build operations Thread 2" [_thread_blocked, id=7796, stack(0x000000fe03500000,0x000000fe03600000)]
  0x00000277adf34320 JavaThread "Unconstrained build operations Thread 3" [_thread_blocked, id=3340, stack(0x000000fe03600000,0x000000fe03700000)]
  0x00000277adf36180 JavaThread "Unconstrained build operations Thread 4" [_thread_blocked, id=708, stack(0x000000fe03700000,0x000000fe03800000)]
  0x00000277adf30150 JavaThread "Unconstrained build operations Thread 5" [_thread_blocked, id=2332, stack(0x000000fe03800000,0x000000fe03900000)]
  0x00000277adf31fb0 JavaThread "Unconstrained build operations Thread 6" [_thread_blocked, id=7000, stack(0x000000fe03900000,0x000000fe03a00000)]
  0x00000277adf2ed10 JavaThread "Unconstrained build operations Thread 7" [_thread_blocked, id=248, stack(0x000000fe03a00000,0x000000fe03b00000)]
  0x00000277adf2f220 JavaThread "Unconstrained build operations Thread 8" [_thread_blocked, id=8916, stack(0x000000fe03b00000,0x000000fe03c00000)]
  0x00000277adf329d0 JavaThread "Unconstrained build operations Thread 9" [_thread_blocked, id=4116, stack(0x000000fe03c00000,0x000000fe03d00000)]
  0x00000277b00d1fc0 JavaThread "Unconstrained build operations Thread 10" [_thread_blocked, id=9808, stack(0x000000fe03d00000,0x000000fe03e00000)]
  0x00000277b00d0160 JavaThread "Unconstrained build operations Thread 11" [_thread_blocked, id=5452, stack(0x000000fe03e00000,0x000000fe03f00000)]
  0x00000277b00d0670 JavaThread "Unconstrained build operations Thread 12" [_thread_blocked, id=10744, stack(0x000000fe03f00000,0x000000fe04000000)]
  0x00000277b00d1090 JavaThread "Unconstrained build operations Thread 13" [_thread_blocked, id=2540, stack(0x000000fe04000000,0x000000fe04100000)]
  0x00000277b00cfc50 JavaThread "Unconstrained build operations Thread 14" [_thread_blocked, id=12172, stack(0x000000fe04100000,0x000000fe04200000)]

Other Threads:
  0x00000277a7e87ae0 VMThread "VM Thread" [stack: 0x000000fe00900000,0x000000fe00a00000] [id=6864]
  0x000002778e02d310 WatcherThread [stack: 0x000000fe01500000,0x000000fe01600000] [id=5464]
  0x000002778e087630 GCTaskThread "GC Thread#0" [stack: 0x000000fe00400000,0x000000fe00500000] [id=5708]
  0x00000277ad06fd10 GCTaskThread "GC Thread#1" [stack: 0x000000fe01600000,0x000000fe01700000] [id=6512]
  0x00000277acabd590 GCTaskThread "GC Thread#2" [stack: 0x000000fe01700000,0x000000fe01800000] [id=1920]
  0x00000277aca67d90 GCTaskThread "GC Thread#3" [stack: 0x000000fe01800000,0x000000fe01900000] [id=7052]
  0x00000277acf69dd0 GCTaskThread "GC Thread#4" [stack: 0x000000fe01900000,0x000000fe01a00000] [id=8724]
  0x00000277adbb01d0 GCTaskThread "GC Thread#5" [stack: 0x000000fe02400000,0x000000fe02500000] [id=10156]
  0x00000277adc54d20 GCTaskThread "GC Thread#6" [stack: 0x000000fe02500000,0x000000fe02600000] [id=4668]
  0x00000277adbc5870 GCTaskThread "GC Thread#7" [stack: 0x000000fe02600000,0x000000fe02700000] [id=11376]
  0x000002778e098580 ConcurrentGCThread "G1 Main Marker" [stack: 0x000000fe00500000,0x000000fe00600000] [id=280]
  0x000002778e099740 ConcurrentGCThread "G1 Conc#0" [stack: 0x000000fe00600000,0x000000fe00700000] [id=4740]
  0x00000277ad9fe620 ConcurrentGCThread "G1 Conc#1" [stack: 0x000000fe02700000,0x000000fe02800000] [id=13004]
  0x00000277a7cf24c0 ConcurrentGCThread "G1 Refine#0" [stack: 0x000000fe00700000,0x000000fe00800000] [id=12236]
  0x00000277ac2d2360 ConcurrentGCThread "G1 Refine#1" [stack: 0x000000fe03200000,0x000000fe03300000] [id=12852]
  0x00000277a7cf2ef0 ConcurrentGCThread "G1 Service" [stack: 0x000000fe00800000,0x000000fe00900000] [id=3264]

Threads with active compile tasks:
C2 CompilerThread0    18045 6629       4       java.lang.invoke.LambdaForm$Name::replaceNames (175 bytes)

VM state: not at safepoint (normal execution)

VM Mutex/Monitor currently owned by a thread: None

Heap address: 0x0000000080000000, size: 2048 MB, Compressed Oops mode: 32-bit

CDS archive(s) not mapped
Compressed class space mapped at: 0x0000000100000000-0x0000000140000000, reserved size: 1073741824
Narrow klass base: 0x0000000000000000, Narrow klass shift: 3, Narrow klass range: 0x140000000

GC Precious Log:
 CPUs: 8 total, 8 available
 Memory: 6057M
 Large Page Support: Disabled
 NUMA Support: Disabled
 Compressed Oops: Enabled (32-bit)
 Heap Region Size: 1M
 Heap Min Capacity: 8M
 Heap Initial Capacity: 96M
 Heap Max Capacity: 2G
 Pre-touch: Disabled
 Parallel Workers: 8
 Concurrent Workers: 2
 Concurrent Refinement Workers: 8
 Periodic GC: Disabled

Heap:
 garbage-first heap   total 94208K, used 62425K [0x0000000080000000, 0x0000000100000000)
  region size 1024K, 11 young (11264K), 1 survivors (1024K)
 Metaspace       used 60408K, committed 60992K, reserved 1114112K
  class space    used 8298K, committed 8576K, reserved 1048576K

Heap Regions: E=young(eden), S=young(survivor), O=old, HS=humongous(starts), HC=humongous(continues), CS=collection set, F=free, OA=open archive, CA=closed archive, TAMS=top-at-mark-start (previous, next)
|   0|0x0000000080000000, 0x0000000080100000, 0x0000000080100000|100%|HS|  |TAMS 0x0000000080100000, 0x0000000080000000| Complete 
|   1|0x0000000080100000, 0x0000000080200000, 0x0000000080200000|100%|HC|  |TAMS 0x0000000080200000, 0x0000000080100000| Complete 
|   2|0x0000000080200000, 0x0000000080300000, 0x0000000080300000|100%|HC|  |TAMS 0x0000000080300000, 0x0000000080200000| Complete 
|   3|0x0000000080300000, 0x0000000080400000, 0x0000000080400000|100%|HC|  |TAMS 0x0000000080400000, 0x0000000080300000| Complete 
|   4|0x0000000080400000, 0x0000000080500000, 0x0000000080500000|100%| O|  |TAMS 0x0000000080500000, 0x0000000080400000| Untracked 
|   5|0x0000000080500000, 0x0000000080600000, 0x0000000080600000|100%| O|  |TAMS 0x0000000080600000, 0x0000000080500000| Untracked 
|   6|0x0000000080600000, 0x0000000080700000, 0x0000000080700000|100%| O|  |TAMS 0x0000000080700000, 0x0000000080600000| Untracked 
|   7|0x0000000080700000, 0x0000000080800000, 0x0000000080800000|100%| O|  |TAMS 0x0000000080800000, 0x0000000080700000| Untracked 
|   8|0x0000000080800000, 0x0000000080900000, 0x0000000080900000|100%| O|  |TAMS 0x0000000080900000, 0x0000000080800000| Untracked 
|   9|0x0000000080900000, 0x0000000080a00000, 0x0000000080a00000|100%| O|  |TAMS 0x0000000080a00000, 0x0000000080900000| Untracked 
|  10|0x0000000080a00000, 0x0000000080b00000, 0x0000000080b00000|100%| O|  |TAMS 0x0000000080b00000, 0x0000000080a00000| Untracked 
|  11|0x0000000080b00000, 0x0000000080c00000, 0x0000000080c00000|100%| O|  |TAMS 0x0000000080c00000, 0x0000000080b00000| Untracked 
|  12|0x0000000080c00000, 0x0000000080d00000, 0x0000000080d00000|100%| O|  |TAMS 0x0000000080d00000, 0x0000000080c00000| Untracked 
|  13|0x0000000080d00000, 0x0000000080e00000, 0x0000000080e00000|100%| O|  |TAMS 0x0000000080e00000, 0x0000000080d00000| Untracked 
|  14|0x0000000080e00000, 0x0000000080f00000, 0x0000000080f00000|100%| O|  |TAMS 0x0000000080f00000, 0x0000000080e00000| Untracked 
|  15|0x0000000080f00000, 0x0000000081000000, 0x0000000081000000|100%| O|  |TAMS 0x0000000081000000, 0x0000000080f00000| Untracked 
|  16|0x0000000081000000, 0x0000000081100000, 0x0000000081100000|100%| O|  |TAMS 0x0000000081100000, 0x0000000081000000| Untracked 
|  17|0x0000000081100000, 0x0000000081200000, 0x0000000081200000|100%| O|  |TAMS 0x0000000081200000, 0x0000000081100000| Untracked 
|  18|0x0000000081200000, 0x0000000081300000, 0x0000000081300000|100%| O|  |TAMS 0x0000000081300000, 0x0000000081200000| Untracked 
|  19|0x0000000081300000, 0x0000000081400000, 0x0000000081400000|100%|HS|  |TAMS 0x0000000081400000, 0x0000000081300000| Complete 
|  20|0x0000000081400000, 0x0000000081500000, 0x0000000081500000|100%| O|  |TAMS 0x0000000081500000, 0x0000000081400000| Untracked 
|  21|0x0000000081500000, 0x0000000081600000, 0x0000000081600000|100%| O|  |TAMS 0x0000000081600000, 0x0000000081500000| Untracked 
|  22|0x0000000081600000, 0x0000000081700000, 0x0000000081700000|100%| O|  |TAMS 0x0000000081700000, 0x0000000081600000| Untracked 
|  23|0x0000000081700000, 0x0000000081800000, 0x0000000081800000|100%| O|  |TAMS 0x0000000081800000, 0x0000000081700000| Untracked 
|  24|0x0000000081800000, 0x0000000081900000, 0x0000000081900000|100%|HS|  |TAMS 0x0000000081800000, 0x0000000081800000| Complete 
|  25|0x0000000081900000, 0x0000000081a00000, 0x0000000081a00000|100%| O|  |TAMS 0x0000000081a00000, 0x0000000081900000| Untracked 
|  26|0x0000000081a00000, 0x0000000081b00000, 0x0000000081b00000|100%| O|  |TAMS 0x0000000081b00000, 0x0000000081a00000| Untracked 
|  27|0x0000000081b00000, 0x0000000081c00000, 0x0000000081c00000|100%| O|  |TAMS 0x0000000081c00000, 0x0000000081b00000| Untracked 
|  28|0x0000000081c00000, 0x0000000081d00000, 0x0000000081d00000|100%| O|  |TAMS 0x0000000081d00000, 0x0000000081c00000| Untracked 
|  29|0x0000000081d00000, 0x0000000081e00000, 0x0000000081e00000|100%| O|  |TAMS 0x0000000081e00000, 0x0000000081d00000| Untracked 
|  30|0x0000000081e00000, 0x0000000081f00000, 0x0000000081f00000|100%| O|  |TAMS 0x0000000081f00000, 0x0000000081e00000| Untracked 
|  31|0x0000000081f00000, 0x0000000082000000, 0x0000000082000000|100%| O|  |TAMS 0x0000000082000000, 0x0000000081f00000| Untracked 
|  32|0x0000000082000000, 0x0000000082100000, 0x0000000082100000|100%| O|  |TAMS 0x0000000082100000, 0x0000000082000000| Untracked 
|  33|0x0000000082100000, 0x0000000082200000, 0x0000000082200000|100%| O|  |TAMS 0x0000000082200000, 0x0000000082100000| Untracked 
|  34|0x0000000082200000, 0x0000000082300000, 0x0000000082300000|100%| O|  |TAMS 0x0000000082300000, 0x0000000082200000| Untracked 
|  35|0x0000000082300000, 0x0000000082400000, 0x0000000082400000|100%| O|  |TAMS 0x0000000082400000, 0x0000000082300000| Untracked 
|  36|0x0000000082400000, 0x0000000082500000, 0x0000000082500000|100%| O|  |TAMS 0x0000000082500000, 0x0000000082400000| Untracked 
|  37|0x0000000082500000, 0x0000000082600000, 0x0000000082600000|100%|HS|  |TAMS 0x0000000082600000, 0x0000000082500000| Complete 
|  38|0x0000000082600000, 0x0000000082700000, 0x0000000082700000|100%|HS|  |TAMS 0x0000000082700000, 0x0000000082600000| Complete 
|  39|0x0000000082700000, 0x0000000082800000, 0x0000000082800000|100%| O|  |TAMS 0x0000000082800000, 0x0000000082700000| Untracked 
|  40|0x0000000082800000, 0x0000000082800000, 0x0000000082900000|  0%| F|  |TAMS 0x0000000082800000, 0x0000000082800000| Untracked 
|  41|0x0000000082900000, 0x0000000082a00000, 0x0000000082a00000|100%| O|  |TAMS 0x0000000082a00000, 0x0000000082900000| Untracked 
|  42|0x0000000082a00000, 0x0000000082b00000, 0x0000000082b00000|100%| O|  |TAMS 0x0000000082b00000, 0x0000000082a00000| Untracked 
|  43|0x0000000082b00000, 0x0000000082c00000, 0x0000000082c00000|100%| O|  |TAMS 0x0000000082c00000, 0x0000000082b00000| Untracked 
|  44|0x0000000082c00000, 0x0000000082d00000, 0x0000000082d00000|100%|HS|  |TAMS 0x0000000082d00000, 0x0000000082c00000| Complete 
|  45|0x0000000082d00000, 0x0000000082e00000, 0x0000000082e00000|100%| O|  |TAMS 0x0000000082e00000, 0x0000000082d00000| Untracked 
|  46|0x0000000082e00000, 0x0000000082f00000, 0x0000000082f00000|100%|HS|  |TAMS 0x0000000082f00000, 0x0000000082e00000| Complete 
|  47|0x0000000082f00000, 0x0000000083000000, 0x0000000083000000|100%| O|  |TAMS 0x0000000083000000, 0x0000000082f00000| Untracked 
|  48|0x0000000083000000, 0x0000000083100000, 0x0000000083100000|100%| O|  |TAMS 0x0000000083100000, 0x0000000083000000| Untracked 
|  49|0x0000000083100000, 0x0000000083200000, 0x0000000083200000|100%| O|  |TAMS 0x0000000083200000, 0x0000000083100000| Untracked 
|  50|0x0000000083200000, 0x0000000083300000, 0x0000000083300000|100%| O|  |TAMS 0x0000000083300000, 0x0000000083200000| Untracked 
|  51|0x0000000083300000, 0x0000000083400000, 0x0000000083400000|100%| O|  |TAMS 0x000000008333a000, 0x0000000083300000| Untracked 
|  52|0x0000000083400000, 0x0000000083470000, 0x0000000083500000| 43%| O|  |TAMS 0x0000000083400000, 0x0000000083400000| Untracked 
|  53|0x0000000083500000, 0x0000000083500000, 0x0000000083600000|  0%| F|  |TAMS 0x0000000083500000, 0x0000000083500000| Untracked 
|  54|0x0000000083600000, 0x0000000083600000, 0x0000000083700000|  0%| F|  |TAMS 0x0000000083600000, 0x0000000083600000| Untracked 
|  55|0x0000000083700000, 0x0000000083700000, 0x0000000083800000|  0%| F|  |TAMS 0x0000000083700000, 0x0000000083700000| Untracked 
|  56|0x0000000083800000, 0x0000000083800000, 0x0000000083900000|  0%| F|  |TAMS 0x0000000083800000, 0x0000000083800000| Untracked 
|  57|0x0000000083900000, 0x0000000083900000, 0x0000000083a00000|  0%| F|  |TAMS 0x0000000083900000, 0x0000000083900000| Untracked 
|  58|0x0000000083a00000, 0x0000000083a00000, 0x0000000083b00000|  0%| F|  |TAMS 0x0000000083a00000, 0x0000000083a00000| Untracked 
|  59|0x0000000083b00000, 0x0000000083b00000, 0x0000000083c00000|  0%| F|  |TAMS 0x0000000083b00000, 0x0000000083b00000| Untracked 
|  60|0x0000000083c00000, 0x0000000083c00000, 0x0000000083d00000|  0%| F|  |TAMS 0x0000000083c00000, 0x0000000083c00000| Untracked 
|  61|0x0000000083d00000, 0x0000000083d00000, 0x0000000083e00000|  0%| F|  |TAMS 0x0000000083d00000, 0x0000000083d00000| Untracked 
|  62|0x0000000083e00000, 0x0000000083e00000, 0x0000000083f00000|  0%| F|  |TAMS 0x0000000083e00000, 0x0000000083e00000| Untracked 
|  63|0x0000000083f00000, 0x0000000083f00000, 0x0000000084000000|  0%| F|  |TAMS 0x0000000083f00000, 0x0000000083f00000| Untracked 
|  64|0x0000000084000000, 0x0000000084000000, 0x0000000084100000|  0%| F|  |TAMS 0x0000000084000000, 0x0000000084000000| Untracked 
|  65|0x0000000084100000, 0x0000000084100000, 0x0000000084200000|  0%| F|  |TAMS 0x0000000084100000, 0x0000000084100000| Untracked 
|  66|0x0000000084200000, 0x0000000084200000, 0x0000000084300000|  0%| F|  |TAMS 0x0000000084200000, 0x0000000084200000| Untracked 
|  67|0x0000000084300000, 0x0000000084300000, 0x0000000084400000|  0%| F|  |TAMS 0x0000000084300000, 0x0000000084300000| Untracked 
|  68|0x0000000084400000, 0x0000000084400000, 0x0000000084500000|  0%| F|  |TAMS 0x0000000084400000, 0x0000000084400000| Untracked 
|  69|0x0000000084500000, 0x0000000084500000, 0x0000000084600000|  0%| F|  |TAMS 0x0000000084500000, 0x0000000084500000| Untracked 
|  70|0x0000000084600000, 0x0000000084600000, 0x0000000084700000|  0%| F|  |TAMS 0x0000000084600000, 0x0000000084600000| Untracked 
|  71|0x0000000084700000, 0x0000000084700000, 0x0000000084800000|  0%| F|  |TAMS 0x0000000084700000, 0x0000000084700000| Untracked 
|  72|0x0000000084800000, 0x0000000084800000, 0x0000000084900000|  0%| F|  |TAMS 0x0000000084800000, 0x0000000084800000| Untracked 
|  73|0x0000000084900000, 0x0000000084900000, 0x0000000084a00000|  0%| F|  |TAMS 0x0000000084900000, 0x0000000084900000| Untracked 
|  74|0x0000000084a00000, 0x0000000084a00000, 0x0000000084b00000|  0%| F|  |TAMS 0x0000000084a00000, 0x0000000084a00000| Untracked 
|  75|0x0000000084b00000, 0x0000000084b00000, 0x0000000084c00000|  0%| F|  |TAMS 0x0000000084b00000, 0x0000000084b00000| Untracked 
|  76|0x0000000084c00000, 0x0000000084c00000, 0x0000000084d00000|  0%| F|  |TAMS 0x0000000084c00000, 0x0000000084c00000| Untracked 
|  77|0x0000000084d00000, 0x0000000084d00000, 0x0000000084e00000|  0%| F|  |TAMS 0x0000000084d00000, 0x0000000084d00000| Untracked 
|  78|0x0000000084e00000, 0x0000000084e00000, 0x0000000084f00000|  0%| F|  |TAMS 0x0000000084e00000, 0x0000000084e00000| Untracked 
|  79|0x0000000084f00000, 0x0000000084f00000, 0x0000000085000000|  0%| F|  |TAMS 0x0000000084f00000, 0x0000000084f00000| Untracked 
|  80|0x0000000085000000, 0x0000000085000000, 0x0000000085100000|  0%| F|  |TAMS 0x0000000085000000, 0x0000000085000000| Untracked 
|  81|0x0000000085100000, 0x0000000085200000, 0x0000000085200000|100%| E|  |TAMS 0x0000000085100000, 0x0000000085100000| Complete 
|  82|0x0000000085200000, 0x0000000085300000, 0x0000000085300000|100%| E|CS|TAMS 0x0000000085200000, 0x0000000085200000| Complete 
|  83|0x0000000085300000, 0x0000000085400000, 0x0000000085400000|100%| E|CS|TAMS 0x0000000085300000, 0x0000000085300000| Complete 
|  84|0x0000000085400000, 0x0000000085500000, 0x0000000085500000|100%| E|CS|TAMS 0x0000000085400000, 0x0000000085400000| Complete 
|  85|0x0000000085500000, 0x0000000085600000, 0x0000000085600000|100%| E|CS|TAMS 0x0000000085500000, 0x0000000085500000| Complete 
|  86|0x0000000085600000, 0x0000000085700000, 0x0000000085700000|100%| E|CS|TAMS 0x0000000085600000, 0x0000000085600000| Complete 
|  87|0x0000000085700000, 0x0000000085800000, 0x0000000085800000|100%| E|CS|TAMS 0x0000000085700000, 0x0000000085700000| Complete 
|  88|0x0000000085800000, 0x0000000085900000, 0x0000000085900000|100%| E|CS|TAMS 0x0000000085800000, 0x0000000085800000| Complete 
|  89|0x0000000085900000, 0x0000000085986460, 0x0000000085a00000| 52%| S|CS|TAMS 0x0000000085900000, 0x0000000085900000| Complete 
|  94|0x0000000085e00000, 0x0000000085f00000, 0x0000000085f00000|100%| E|CS|TAMS 0x0000000085e00000, 0x0000000085e00000| Complete 
|  95|0x0000000085f00000, 0x0000000086000000, 0x0000000086000000|100%| E|CS|TAMS 0x0000000085f00000, 0x0000000085f00000| Complete 

Card table byte_map: [0x00000277a0c30000,0x00000277a1030000] _byte_map_base: 0x00000277a0830000

Marking Bits (Prev, Next): (CMBitMap*) 0x000002778e087c90, (CMBitMap*) 0x000002778e087c50
 Prev Bits: [0x00000277a3430000, 0x00000277a5430000)
 Next Bits: [0x00000277a1430000, 0x00000277a3430000)

Polling page: 0x000002778d7e0000

Metaspace:

Usage:
  Non-class:     50.91 MB used.
      Class:      8.11 MB used.
       Both:     59.02 MB used.

Virtual space:
  Non-class space:       64.00 MB reserved,      51.19 MB ( 80%) committed,  1 nodes.
      Class space:        1.00 GB reserved,       8.38 MB ( <1%) committed,  1 nodes.
             Both:        1.06 GB reserved,      59.56 MB (  5%) committed. 

Chunk freelists:
   Non-Class:  12.76 MB
       Class:  7.64 MB
        Both:  20.40 MB

MaxMetaspaceSize: unlimited
CompressedClassSpaceSize: 1.00 GB
Initial GC threshold: 21.00 MB
Current GC threshold: 95.94 MB
CDS: off
MetaspaceReclaimPolicy: balanced
 - commit_granule_bytes: 65536.
 - commit_granule_words: 8192.
 - virtual_space_node_default_size: 8388608.
 - enlarge_chunks_in_place: 1.
 - new_chunks_are_fully_committed: 0.
 - uncommit_free_chunks: 1.
 - use_allocation_guard: 0.
 - handle_deallocations: 1.


Internal statistics:

num_allocs_failed_limit: 6.
num_arena_births: 732.
num_arena_deaths: 0.
num_vsnodes_births: 2.
num_vsnodes_deaths: 0.
num_space_committed: 953.
num_space_uncommitted: 0.
num_chunks_returned_to_freelist: 6.
num_chunks_taken_from_freelist: 2828.
num_chunk_merges: 6.
num_chunk_splits: 1851.
num_chunks_enlarged: 1233.
num_inconsistent_stats: 0.

CodeHeap 'non-profiled nmethods': size=120000Kb used=3295Kb max_used=3295Kb free=116704Kb
 bounds [0x0000027798fd0000, 0x0000027799310000, 0x00000277a0500000]
CodeHeap 'profiled nmethods': size=120000Kb used=12580Kb max_used=12580Kb free=107419Kb
 bounds [0x0000027791500000, 0x0000027792150000, 0x0000027798a30000]
CodeHeap 'non-nmethods': size=5760Kb used=1636Kb max_used=1672Kb free=4123Kb
 bounds [0x0000027798a30000, 0x0000027798ca0000, 0x0000027798fd0000]
 total_blobs=7332 nmethods=6623 adapters=621
 compilation: enabled
              stopped_count=0, restarted_count=0
 full_count=0

Compilation events (20 events):
Event: 17.795 Thread 0x00000277ac032de0 6662       1       com.google.common.collect.ImmutableEntry::getKey (5 bytes)
Event: 17.795 Thread 0x00000277ac032de0 nmethod 6662 0x0000027799306910 code [0x0000027799306aa0, 0x0000027799306b78]
Event: 17.795 Thread 0x00000277ac032de0 6663       1       com.google.common.collect.ImmutableEntry::getValue (5 bytes)
Event: 17.795 Thread 0x00000277ac032de0 nmethod 6663 0x0000027799306c10 code [0x0000027799306da0, 0x0000027799306e78]
Event: 17.802 Thread 0x00000277ac032de0 6664       1       com.google.common.collect.ImmutableMapEntry::isReusable (2 bytes)
Event: 17.802 Thread 0x00000277ac032de0 nmethod 6664 0x0000027799306f10 code [0x00000277993070a0, 0x0000027799307178]
Event: 17.806 Thread 0x00000277ac032de0 6665       3       com.google.common.collect.ImmutableMapEntry::<init> (12 bytes)
Event: 17.806 Thread 0x00000277ac032de0 nmethod 6665 0x000002779213d610 code [0x000002779213d7c0, 0x000002779213dac8]
Event: 17.806 Thread 0x00000277ac032de0 6666       3       com.google.common.collect.ImmutableEntry::<init> (15 bytes)
Event: 17.806 Thread 0x00000277ac032de0 nmethod 6666 0x000002779213dc10 code [0x000002779213ddc0, 0x000002779213e038]
Event: 17.806 Thread 0x00000277ac032de0 6668       3       com.google.common.collect.Hashing::smear (19 bytes)
Event: 17.806 Thread 0x00000277ac032de0 nmethod 6668 0x000002779213e110 code [0x000002779213e2a0, 0x000002779213e418]
Event: 17.817 Thread 0x00000277ac032de0 6669       3       org.gradle.internal.service.DefaultServiceRegistry$ManagedObjectServiceProvider::setInstance (18 bytes)
Event: 17.817 Thread 0x00000277ac032de0 nmethod 6669 0x000002779213e510 code [0x000002779213e6c0, 0x000002779213e888]
Event: 17.848 Thread 0x00000277ac032de0 6670       3       org.gradle.internal.classloader.TransformReplacer::getLoader (46 bytes)
Event: 17.849 Thread 0x00000277ac032de0 nmethod 6670 0x000002779213e990 code [0x000002779213ebe0, 0x000002779213f698]
Event: 17.853 Thread 0x00000277ac032de0 6671       3       org.gradle.internal.io.StreamByteBuffer::readFully (27 bytes)
Event: 17.854 Thread 0x00000277ac032de0 nmethod 6671 0x000002779213fa10 code [0x000002779213fbc0, 0x000002779213fe18]
Event: 17.854 Thread 0x00000277ac032de0 6672       3       org.gradle.internal.io.StreamByteBuffer::readAsByteArray (21 bytes)
Event: 17.854 Thread 0x00000277ac032de0 nmethod 6672 0x000002779213ff90 code [0x0000027792140140, 0x0000027792140378]

GC Heap History (20 events):
Event: 14.718 GC heap before
{Heap before GC invocations=14 (full 0):
 garbage-first heap   total 75776K, used 61208K [0x0000000080000000, 0x0000000100000000)
  region size 1024K, 27 young (27648K), 3 survivors (3072K)
 Metaspace       used 55576K, committed 56128K, reserved 1114112K
  class space    used 7640K, committed 7936K, reserved 1048576K
}
Event: 14.724 GC heap after
{Heap after GC invocations=15 (full 0):
 garbage-first heap   total 75776K, used 36847K [0x0000000080000000, 0x0000000100000000)
  region size 1024K, 4 young (4096K), 4 survivors (4096K)
 Metaspace       used 55576K, committed 56128K, reserved 1114112K
  class space    used 7640K, committed 7936K, reserved 1048576K
}
Event: 15.429 GC heap before
{Heap before GC invocations=15 (full 0):
 garbage-first heap   total 75776K, used 58351K [0x0000000080000000, 0x0000000100000000)
  region size 1024K, 26 young (26624K), 4 survivors (4096K)
 Metaspace       used 56384K, committed 56896K, reserved 1114112K
  class space    used 7737K, committed 8000K, reserved 1048576K
}
Event: 15.436 GC heap after
{Heap after GC invocations=16 (full 0):
 garbage-first heap   total 75776K, used 40148K [0x0000000080000000, 0x0000000100000000)
  region size 1024K, 4 young (4096K), 4 survivors (4096K)
 Metaspace       used 56384K, committed 56896K, reserved 1114112K
  class space    used 7737K, committed 8000K, reserved 1048576K
}
Event: 16.022 GC heap before
{Heap before GC invocations=17 (full 0):
 garbage-first heap   total 75776K, used 60628K [0x0000000080000000, 0x0000000100000000)
  region size 1024K, 23 young (23552K), 4 survivors (4096K)
 Metaspace       used 56732K, committed 57344K, reserved 1114112K
  class space    used 7774K, committed 8064K, reserved 1048576K
}
Event: 16.026 GC heap after
{Heap after GC invocations=18 (full 0):
 garbage-first heap   total 75776K, used 43789K [0x0000000080000000, 0x0000000100000000)
  region size 1024K, 3 young (3072K), 3 survivors (3072K)
 Metaspace       used 56732K, committed 57344K, reserved 1114112K
  class space    used 7774K, committed 8064K, reserved 1048576K
}
Event: 16.070 GC heap before
{Heap before GC invocations=18 (full 0):
 garbage-first heap   total 75776K, used 44813K [0x0000000080000000, 0x0000000100000000)
  region size 1024K, 4 young (4096K), 3 survivors (3072K)
 Metaspace       used 56778K, committed 57344K, reserved 1114112K
  class space    used 7784K, committed 8064K, reserved 1048576K
}
Event: 16.074 GC heap after
{Heap after GC invocations=19 (full 0):
 garbage-first heap   total 75776K, used 44672K [0x0000000080000000, 0x0000000100000000)
  region size 1024K, 1 young (1024K), 1 survivors (1024K)
 Metaspace       used 56778K, committed 57344K, reserved 1114112K
  class space    used 7784K, committed 8064K, reserved 1048576K
}
Event: 16.310 GC heap before
{Heap before GC invocations=19 (full 0):
 garbage-first heap   total 75776K, used 46720K [0x0000000080000000, 0x0000000100000000)
  region size 1024K, 5 young (5120K), 1 survivors (1024K)
 Metaspace       used 57058K, committed 57664K, reserved 1114112K
  class space    used 7838K, committed 8128K, reserved 1048576K
}
Event: 16.312 GC heap after
{Heap after GC invocations=20 (full 0):
 garbage-first heap   total 75776K, used 45077K [0x0000000080000000, 0x0000000100000000)
  region size 1024K, 2 young (2048K), 2 survivors (2048K)
 Metaspace       used 57058K, committed 57664K, reserved 1114112K
  class space    used 7838K, committed 8128K, reserved 1048576K
}
Event: 17.175 GC heap before
{Heap before GC invocations=21 (full 0):
 garbage-first heap   total 81920K, used 63509K [0x0000000080000000, 0x0000000100000000)
  region size 1024K, 17 young (17408K), 2 survivors (2048K)
 Metaspace       used 57766K, committed 58368K, reserved 1114112K
  class space    used 7948K, committed 8256K, reserved 1048576K
}
Event: 17.178 GC heap after
{Heap after GC invocations=22 (full 0):
 garbage-first heap   total 81920K, used 52153K [0x0000000080000000, 0x0000000100000000)
  region size 1024K, 3 young (3072K), 3 survivors (3072K)
 Metaspace       used 57766K, committed 58368K, reserved 1114112K
  class space    used 7948K, committed 8256K, reserved 1048576K
}
Event: 17.209 GC heap before
{Heap before GC invocations=22 (full 0):
 garbage-first heap   total 81920K, used 52153K [0x0000000080000000, 0x0000000100000000)
  region size 1024K, 4 young (4096K), 3 survivors (3072K)
 Metaspace       used 57878K, committed 58432K, reserved 1114112K
  class space    used 7963K, committed 8256K, reserved 1048576K
}
Event: 17.212 GC heap after
{Heap after GC invocations=23 (full 0):
 garbage-first heap   total 81920K, used 51547K [0x0000000080000000, 0x0000000100000000)
  region size 1024K, 1 young (1024K), 1 survivors (1024K)
 Metaspace       used 57878K, committed 58432K, reserved 1114112K
  class space    used 7963K, committed 8256K, reserved 1048576K
}
Event: 17.331 GC heap before
{Heap before GC invocations=23 (full 0):
 garbage-first heap   total 81920K, used 57691K [0x0000000080000000, 0x0000000100000000)
  region size 1024K, 8 young (8192K), 1 survivors (1024K)
 Metaspace       used 58280K, committed 58816K, reserved 1114112K
  class space    used 7997K, committed 8256K, reserved 1048576K
}
Event: 17.333 GC heap after
{Heap after GC invocations=24 (full 0):
 garbage-first heap   total 81920K, used 52059K [0x0000000080000000, 0x0000000100000000)
  region size 1024K, 1 young (1024K), 1 survivors (1024K)
 Metaspace       used 58280K, committed 58816K, reserved 1114112K
  class space    used 7997K, committed 8256K, reserved 1048576K
}
Event: 17.751 GC heap before
{Heap before GC invocations=25 (full 0):
 garbage-first heap   total 94208K, used 66395K [0x0000000080000000, 0x0000000100000000)
  region size 1024K, 15 young (15360K), 1 survivors (1024K)
 Metaspace       used 59387K, committed 60032K, reserved 1114112K
  class space    used 8148K, committed 8448K, reserved 1048576K
}
Event: 17.752 GC heap after
{Heap after GC invocations=26 (full 0):
 garbage-first heap   total 94208K, used 53499K [0x0000000080000000, 0x0000000100000000)
  region size 1024K, 2 young (2048K), 2 survivors (2048K)
 Metaspace       used 59387K, committed 60032K, reserved 1114112K
  class space    used 8148K, committed 8448K, reserved 1048576K
}
Event: 17.795 GC heap before
{Heap before GC invocations=26 (full 0):
 garbage-first heap   total 94208K, used 55547K [0x0000000080000000, 0x0000000100000000)
  region size 1024K, 4 young (4096K), 2 survivors (2048K)
 Metaspace       used 59540K, committed 60160K, reserved 1114112K
  class space    used 8173K, committed 8448K, reserved 1048576K
}
Event: 17.798 GC heap after
{Heap after GC invocations=27 (full 0):
 garbage-first heap   total 94208K, used 53209K [0x0000000080000000, 0x0000000100000000)
  region size 1024K, 1 young (1024K), 1 survivors (1024K)
 Metaspace       used 59540K, committed 60160K, reserved 1114112K
  class space    used 8173K, committed 8448K, reserved 1048576K
}

Dll operation events (3 events):
Event: 0.023 Loaded shared library C:\Program Files\Android\Android Studio\jbr\bin\java.dll
Event: 0.363 Loaded shared library C:\Program Files\Android\Android Studio\jbr\bin\zip.dll
Event: 0.939 Loaded shared library C:\Program Files\Android\Android Studio\jbr\bin\verify.dll

Deoptimization events (20 events):
Event: 17.128 Thread 0x00000277acb0da30 DEOPT PACKING pc=0x000002779921de04 sp=0x000000fe020f6dd0
Event: 17.128 Thread 0x00000277acb0da30 DEOPT UNPACKING pc=0x0000027798a869a3 sp=0x000000fe020f6d40 mode 2
Event: 17.132 Thread 0x00000277acb0da30 Uncommon trap: trap_request=0xffffffde fr.pc=0x00000277991df8c0 relative=0x00000000000007c0
Event: 17.132 Thread 0x00000277acb0da30 Uncommon trap: reason=class_check action=maybe_recompile pc=0x00000277991df8c0 method=java.io.BufferedInputStream.read1([BII)I @ 39 c2
Event: 17.132 Thread 0x00000277acb0da30 DEOPT PACKING pc=0x00000277991df8c0 sp=0x000000fe020f6f30
Event: 17.132 Thread 0x00000277acb0da30 DEOPT UNPACKING pc=0x0000027798a869a3 sp=0x000000fe020f6e48 mode 2
Event: 17.133 Thread 0x00000277acb0da30 DEOPT PACKING pc=0x0000027791b68a4e sp=0x000000fe020f7030
Event: 17.133 Thread 0x00000277acb0da30 DEOPT UNPACKING pc=0x0000027798a87143 sp=0x000000fe020f64f8 mode 0
Event: 17.133 Thread 0x00000277acb0da30 Uncommon trap: trap_request=0xffffffde fr.pc=0x00000277991df8c0 relative=0x00000000000007c0
Event: 17.133 Thread 0x00000277acb0da30 Uncommon trap: reason=class_check action=maybe_recompile pc=0x00000277991df8c0 method=java.io.BufferedInputStream.read1([BII)I @ 39 c2
Event: 17.133 Thread 0x00000277acb0da30 DEOPT PACKING pc=0x00000277991df8c0 sp=0x000000fe020f6f30
Event: 17.133 Thread 0x00000277acb0da30 DEOPT UNPACKING pc=0x0000027798a869a3 sp=0x000000fe020f6e48 mode 2
Event: 17.133 Thread 0x00000277acb0da30 Uncommon trap: trap_request=0xffffffde fr.pc=0x00000277991df8c0 relative=0x00000000000007c0
Event: 17.133 Thread 0x00000277acb0da30 Uncommon trap: reason=class_check action=maybe_recompile pc=0x00000277991df8c0 method=java.io.BufferedInputStream.read1([BII)I @ 39 c2
Event: 17.133 Thread 0x00000277acb0da30 DEOPT PACKING pc=0x00000277991df8c0 sp=0x000000fe020f6f30
Event: 17.133 Thread 0x00000277acb0da30 DEOPT UNPACKING pc=0x0000027798a869a3 sp=0x000000fe020f6e48 mode 2
Event: 17.273 Thread 0x00000277acb0da30 Uncommon trap: trap_request=0xffffffde fr.pc=0x000002779921de04 relative=0x0000000000002764
Event: 17.273 Thread 0x00000277acb0da30 Uncommon trap: reason=class_check action=maybe_recompile pc=0x000002779921de04 method=java.util.jar.JarFile.getManifestFromReference()Ljava/util/jar/Manifest; @ 152 c2
Event: 17.273 Thread 0x00000277acb0da30 DEOPT PACKING pc=0x000002779921de04 sp=0x000000fe020f66a0
Event: 17.273 Thread 0x00000277acb0da30 DEOPT UNPACKING pc=0x0000027798a869a3 sp=0x000000fe020f6610 mode 2

Classes unloaded (0 events):
No events

Classes redefined (0 events):
No events

Internal exceptions (20 events):
Event: 14.250 Thread 0x00000277acb0da30 Exception <a 'java/lang/NoSuchMethodError'{0x0000000083890de0}: 'java.lang.Object java.lang.invoke.Invokers$Holder.linkToTargetMethod(java.lang.Object, java.lang.Object, java.lang.Object, java.lang.Object, int, java.lang.Object)'> (0x0000000083890de0) 
thrown [s\src\hotspot\share\interpreter\linkResolver.cpp, line 771]
Event: 14.257 Thread 0x00000277acb0da30 Exception <a 'java/lang/NoSuchMethodError'{0x00000000838c3a60}: 'java.lang.Object java.lang.invoke.DirectMethodHandle$Holder.invokeSpecial(java.lang.Object, java.lang.Object, java.lang.Object, java.lang.Object, java.lang.Object, long)'> (0x00000000838c3a60) 
thrown [s\src\hotspot\share\interpreter\linkResolver.cpp, line 771]
Event: 14.260 Thread 0x00000277acb0da30 Exception <a 'java/lang/NoSuchMethodError'{0x00000000838e72e8}: 'void java.lang.invoke.DirectMethodHandle$Holder.invokeStatic(java.lang.Object, java.lang.Object, java.lang.Object, int, java.lang.Object)'> (0x00000000838e72e8) 
thrown [s\src\hotspot\share\interpreter\linkResolver.cpp, line 771]
Event: 15.199 Thread 0x00000277acb0da30 Exception <a 'java/lang/NoSuchMethodError'{0x0000000083f8e988}: 'java.lang.Object java.lang.invoke.DirectMethodHandle$Holder.newInvokeSpecial(java.lang.Object, java.lang.Object, java.lang.Object, java.lang.Object, int, java.lang.Object)'> (0x0000000083f8e988) 
thrown [s\src\hotspot\share\interpreter\linkResolver.cpp, line 771]
Event: 15.200 Thread 0x00000277acb0da30 Exception <a 'java/lang/NoSuchMethodError'{0x0000000083f93ce0}: 'java.lang.Object java.lang.invoke.Invokers$Holder.linkToTargetMethod(java.lang.Object, java.lang.Object, java.lang.Object, int, java.lang.Object, java.lang.Object)'> (0x0000000083f93ce0) 
thrown [s\src\hotspot\share\interpreter\linkResolver.cpp, line 771]
Event: 15.833 Thread 0x00000277acb0da30 Exception <a 'java/lang/NoSuchMethodError'{0x0000000083ca26a0}: 'long java.lang.invoke.DirectMethodHandle$Holder.invokeVirtual(java.lang.Object, java.lang.Object)'> (0x0000000083ca26a0) 
thrown [s\src\hotspot\share\interpreter\linkResolver.cpp, line 771]
Event: 15.840 Thread 0x00000277acb0c0e0 Exception <a 'java/lang/NoSuchMethodError'{0x0000000083ce4820}: static Lorg/gradle/internal/build/event/types/DefaultOperationFinishedProgressEvent;.<clinit>()V> (0x0000000083ce4820) 
thrown [s\src\hotspot\share\prims\jni.cpp, line 1127]
Event: 15.846 Thread 0x00000277acb0c0e0 Exception <a 'java/lang/NoSuchMethodError'{0x0000000083b0f250}: static Lorg/gradle/internal/build/event/types/DefaultProjectConfigurationSuccessResult;.<clinit>()V> (0x0000000083b0f250) 
thrown [s\src\hotspot\share\prims\jni.cpp, line 1127]
Event: 15.846 Thread 0x00000277acb0c0e0 Exception <a 'java/lang/NoSuchMethodError'{0x0000000083b5c6d8}: static Lorg/gradle/internal/build/event/types/AbstractProjectConfigurationResult;.<clinit>()V> (0x0000000083b5c6d8) 
thrown [s\src\hotspot\share\prims\jni.cpp, line 1127]
Event: 15.847 Thread 0x00000277acb0c0e0 Exception <a 'java/lang/NoSuchMethodError'{0x0000000083b5de18}: static Lorg/gradle/internal/build/event/types/AbstractOperationResult;.<clinit>()V> (0x0000000083b5de18) 
thrown [s\src\hotspot\share\prims\jni.cpp, line 1127]
Event: 15.847 Thread 0x00000277acb0c0e0 Exception <a 'java/lang/NoSuchMethodError'{0x0000000083b5f288}: static Lorg/gradle/internal/build/event/types/AbstractResult;.<clinit>()V> (0x0000000083b5f288) 
thrown [s\src\hotspot\share\prims\jni.cpp, line 1127]
Event: 15.850 Thread 0x00000277acb0c0e0 Exception <a 'java/lang/NoSuchMethodError'{0x0000000083b781d8}: static Lorg/gradle/internal/build/event/types/DefaultPluginApplicationResult;.<clinit>()V> (0x0000000083b781d8) 
thrown [s\src\hotspot\share\prims\jni.cpp, line 1127]
Event: 15.852 Thread 0x00000277acb0c0e0 Exception <a 'java/lang/NoSuchMethodError'{0x0000000083b84bc8}: static Lorg/gradle/internal/build/event/types/DefaultBinaryPluginIdentifier;.<clinit>()V> (0x0000000083b84bc8) 
thrown [s\src\hotspot\share\prims\jni.cpp, line 1127]
Event: 15.855 Thread 0x00000277acb0c0e0 Exception <a 'java/lang/NoSuchMethodError'{0x0000000083bb7a08}: static Lorg/gradle/internal/build/event/types/DefaultScriptPluginIdentifier;.<clinit>()V> (0x0000000083bb7a08) 
thrown [s\src\hotspot\share\prims\jni.cpp, line 1127]
Event: 15.980 Thread 0x00000277acb0da30 Implicit null exception at 0x0000027799263294 to 0x0000027799263960
Event: 16.066 Thread 0x00000277acb0da30 Exception <a 'java/lang/NoSuchMethodError'{0x0000000085fd28f8}: 'void java.lang.invoke.Invokers$Holder.invoke_MT(java.lang.Object, java.lang.Object, java.lang.Object, java.lang.Object)'> (0x0000000085fd28f8) 
thrown [s\src\hotspot\share\interpreter\linkResolver.cpp, line 771]
Event: 16.088 Thread 0x00000277acb0da30 Exception <a 'java/lang/NoSuchMethodError'{0x0000000085f56558}: 'java.lang.Object java.lang.invoke.DirectMethodHandle$Holder.invokeSpecial(java.lang.Object, java.lang.Object, java.lang.Object, int, java.lang.Object, java.lang.Object)'> (0x0000000085f56558) 
thrown [s\src\hotspot\share\interpreter\linkResolver.cpp, line 771]
Event: 16.556 Thread 0x00000277acb0da30 Exception <a 'java/lang/ClassNotFoundException'{0x0000000084aa8b50}: sun/misc/SharedSecrets> (0x0000000084aa8b50) 
thrown [s\src\hotspot\share\classfile\systemDictionary.cpp, line 256]
Event: 16.556 Thread 0x00000277acb0da30 Exception <a 'java/lang/ClassNotFoundException'{0x0000000084aaa128}: org/gradle/api/internal/plugins/DefaultObjectConfigurationActionBeanInfo> (0x0000000084aaa128) 
thrown [s\src\hotspot\share\classfile\systemDictionary.cpp, line 256]
Event: 16.560 Thread 0x00000277acb0da30 Exception <a 'java/lang/ClassNotFoundException'{0x0000000084ac0438}: org/gradle/api/internal/plugins/DefaultObjectConfigurationActionCustomizer> (0x0000000084ac0438) 
thrown [s\src\hotspot\share\classfile\systemDictionary.cpp, line 256]

VM Operations (20 events):
Event: 16.310 Executing VM operation: G1TryInitiateConcMark
Event: 16.312 Executing VM operation: G1TryInitiateConcMark done
Event: 16.369 Executing VM operation: G1PauseRemark
Event: 16.372 Executing VM operation: G1PauseRemark done
Event: 16.393 Executing VM operation: G1PauseCleanup
Event: 16.393 Executing VM operation: G1PauseCleanup done
Event: 17.175 Executing VM operation: G1CollectForAllocation
Event: 17.178 Executing VM operation: G1CollectForAllocation done
Event: 17.209 Executing VM operation: G1CollectForAllocation
Event: 17.212 Executing VM operation: G1CollectForAllocation done
Event: 17.331 Executing VM operation: G1TryInitiateConcMark
Event: 17.333 Executing VM operation: G1TryInitiateConcMark done
Event: 17.387 Executing VM operation: G1PauseRemark
Event: 17.391 Executing VM operation: G1PauseRemark done
Event: 17.411 Executing VM operation: G1PauseCleanup
Event: 17.411 Executing VM operation: G1PauseCleanup done
Event: 17.750 Executing VM operation: G1CollectForAllocation
Event: 17.752 Executing VM operation: G1CollectForAllocation done
Event: 17.795 Executing VM operation: G1CollectForAllocation
Event: 17.798 Executing VM operation: G1CollectForAllocation done

Events (20 events):
Event: 15.242 Thread 0x00000277b00d0160 Thread added: 0x00000277b00d0160
Event: 15.248 Thread 0x00000277b00d0670 Thread added: 0x00000277b00d0670
Event: 15.250 Thread 0x00000277b00d1090 Thread added: 0x00000277b00d1090
Event: 15.253 Thread 0x00000277b00cfc50 Thread added: 0x00000277b00cfc50
Event: 15.835 loading class java/util/stream/SortedOps$RefSortingSink
Event: 15.835 loading class java/util/stream/SortedOps$RefSortingSink done
Event: 15.853 loading class java/time/Ser
Event: 15.853 loading class java/time/Ser done
Event: 16.083 loading class java/lang/ProcessBuilder
Event: 16.084 loading class java/lang/ProcessBuilder done
Event: 16.556 loading class sun/misc/SharedSecrets
Event: 16.556 loading class sun/misc/SharedSecrets done
Event: 16.564 loading class jdk/internal/reflect/UnsafeObjectFieldAccessorImpl
Event: 16.566 loading class jdk/internal/reflect/UnsafeObjectFieldAccessorImpl done
Event: 17.562 loading class java/util/regex/Pattern$1
Event: 17.562 loading class java/util/regex/Pattern$1 done
Event: 17.874 loading class java/io/StringReader
Event: 17.874 loading class java/io/StringReader done
Event: 17.959 loading class java/util/concurrent/atomic/AtomicIntegerArray
Event: 17.960 loading class java/util/concurrent/atomic/AtomicIntegerArray done


Dynamic libraries:
0x00007ff651350000 - 0x00007ff65135a000 	C:\Program Files\Android\Android Studio\jbr\bin\java.exe
0x00007ffd4dbd0000 - 0x00007ffd4dde7000 	C:\WINDOWS\SYSTEM32\ntdll.dll
0x00007ffd4c3f0000 - 0x00007ffd4c4b4000 	C:\WINDOWS\System32\KERNEL32.DLL
0x00007ffd4b0b0000 - 0x00007ffd4b45d000 	C:\WINDOWS\System32\KERNELBASE.dll
0x00007ffd4aef0000 - 0x00007ffd4b001000 	C:\WINDOWS\System32\ucrtbase.dll
0x00007ffd33810000 - 0x00007ffd3382b000 	C:\Program Files\Android\Android Studio\jbr\bin\VCRUNTIME140.dll
0x00007ffd32830000 - 0x00007ffd32847000 	C:\Program Files\Android\Android Studio\jbr\bin\jli.dll
0x00007ffd4ba80000 - 0x00007ffd4bc2e000 	C:\WINDOWS\System32\USER32.dll
0x00007ffd4b010000 - 0x00007ffd4b036000 	C:\WINDOWS\System32\win32u.dll
0x00007ffd4c120000 - 0x00007ffd4c149000 	C:\WINDOWS\System32\GDI32.dll
0x00007ffd351c0000 - 0x00007ffd35453000 	C:\WINDOWS\WinSxS\amd64_microsoft.windows.common-controls_6595b64144ccf1df_6.0.22621.3672_none_2713b9d173822955\COMCTL32.dll
0x00007ffd4b710000 - 0x00007ffd4b829000 	C:\WINDOWS\System32\gdi32full.dll
0x00007ffd4d070000 - 0x00007ffd4d117000 	C:\WINDOWS\System32\msvcrt.dll
0x00007ffd4b830000 - 0x00007ffd4b8ca000 	C:\WINDOWS\System32\msvcp_win.dll
0x00007ffd4bc40000 - 0x00007ffd4bc71000 	C:\WINDOWS\System32\IMM32.DLL
0x00007ffd2a1f0000 - 0x00007ffd2a1fc000 	C:\Program Files\Android\Android Studio\jbr\bin\vcruntime140_1.dll
0x00007ffcf6df0000 - 0x00007ffcf6e7d000 	C:\Program Files\Android\Android Studio\jbr\bin\msvcp140.dll
0x00007ffcfcfa0000 - 0x00007ffcfdc23000 	C:\Program Files\Android\Android Studio\jbr\bin\server\jvm.dll
0x00007ffd4da00000 - 0x00007ffd4dab2000 	C:\WINDOWS\System32\ADVAPI32.dll
0x00007ffd4b9d0000 - 0x00007ffd4ba79000 	C:\WINDOWS\System32\sechost.dll
0x00007ffd4b8d0000 - 0x00007ffd4b8f8000 	C:\WINDOWS\System32\bcrypt.dll
0x00007ffd4d860000 - 0x00007ffd4d974000 	C:\WINDOWS\System32\RPCRT4.dll
0x00007ffd46ba0000 - 0x00007ffd46bd4000 	C:\WINDOWS\SYSTEM32\WINMM.dll
0x00007ffd48090000 - 0x00007ffd48099000 	C:\WINDOWS\SYSTEM32\WSOCK32.dll
0x00007ffd4d980000 - 0x00007ffd4d9f1000 	C:\WINDOWS\System32\WS2_32.dll
0x00007ffd43cf0000 - 0x00007ffd43cfa000 	C:\WINDOWS\SYSTEM32\VERSION.dll
0x00007ffd4adb0000 - 0x00007ffd4adfd000 	C:\WINDOWS\SYSTEM32\POWRPROF.dll
0x00007ffd4ad90000 - 0x00007ffd4ada3000 	C:\WINDOWS\SYSTEM32\UMPDC.dll
0x00007ffd49ee0000 - 0x00007ffd49ef8000 	C:\WINDOWS\SYSTEM32\kernel.appcore.dll
0x00007ffd47770000 - 0x00007ffd4777a000 	C:\Program Files\Android\Android Studio\jbr\bin\jimage.dll
0x00007ffd2e0c0000 - 0x00007ffd2e2f2000 	C:\WINDOWS\SYSTEM32\DBGHELP.DLL
0x00007ffd4bd80000 - 0x00007ffd4c10d000 	C:\WINDOWS\System32\combase.dll
0x00007ffd4c150000 - 0x00007ffd4c227000 	C:\WINDOWS\System32\OLEAUT32.dll
0x00007ffd2e080000 - 0x00007ffd2e0b2000 	C:\WINDOWS\SYSTEM32\dbgcore.DLL
0x00007ffd4b460000 - 0x00007ffd4b4db000 	C:\WINDOWS\System32\bcryptPrimitives.dll
0x00007ffd3df10000 - 0x00007ffd3df1e000 	C:\Program Files\Android\Android Studio\jbr\bin\instrument.dll
0x00007ffd44360000 - 0x00007ffd44385000 	C:\Program Files\Android\Android Studio\jbr\bin\java.dll
0x00007ffd3dff0000 - 0x00007ffd3e008000 	C:\Program Files\Android\Android Studio\jbr\bin\zip.dll
0x00007ffd4c700000 - 0x00007ffd4cf68000 	C:\WINDOWS\System32\SHELL32.dll
0x00007ffd48dc0000 - 0x00007ffd496be000 	C:\WINDOWS\SYSTEM32\windows.storage.dll
0x00007ffd48c80000 - 0x00007ffd48dbf000 	C:\WINDOWS\SYSTEM32\wintypes.dll
0x00007ffd4cf70000 - 0x00007ffd4d069000 	C:\WINDOWS\System32\SHCORE.dll
0x00007ffd4c4c0000 - 0x00007ffd4c51e000 	C:\WINDOWS\System32\shlwapi.dll
0x00007ffd4ae20000 - 0x00007ffd4ae41000 	C:\WINDOWS\SYSTEM32\profapi.dll
0x00007ffd337f0000 - 0x00007ffd33809000 	C:\Program Files\Android\Android Studio\jbr\bin\net.dll
0x00007ffd46f80000 - 0x00007ffd470b6000 	C:\WINDOWS\SYSTEM32\WINHTTP.dll
0x00007ffd4a350000 - 0x00007ffd4a3b9000 	C:\WINDOWS\system32\mswsock.dll
0x00007ffd335a0000 - 0x00007ffd335b6000 	C:\Program Files\Android\Android Studio\jbr\bin\nio.dll
0x00007ffd3df70000 - 0x00007ffd3df80000 	C:\Program Files\Android\Android Studio\jbr\bin\verify.dll
0x00007ffd33830000 - 0x00007ffd33857000 	C:\Users\x\.gradle\native\c067742578af261105cb4f569cf0c3c89f3d7b1fecec35dd04571415982c5e48\windows-amd64\native-platform.dll
0x00007ffcd30a0000 - 0x00007ffcd31e4000 	C:\Users\x\.gradle\native\38dada09dfb8b06ba9b0570ebf7e218e3eb74d4ef43ca46872605cf95ebc2f47\windows-amd64\native-platform-file-events.dll
0x00007ffd3e020000 - 0x00007ffd3e029000 	C:\Program Files\Android\Android Studio\jbr\bin\management.dll
0x00007ffd3dfe0000 - 0x00007ffd3dfeb000 	C:\Program Files\Android\Android Studio\jbr\bin\management_ext.dll
0x00007ffd4c110000 - 0x00007ffd4c118000 	C:\WINDOWS\System32\PSAPI.DLL
0x00007ffd4a5e0000 - 0x00007ffd4a5fb000 	C:\WINDOWS\SYSTEM32\CRYPTSP.dll
0x00007ffd49e40000 - 0x00007ffd49e75000 	C:\WINDOWS\system32\rsaenh.dll
0x00007ffd4a470000 - 0x00007ffd4a498000 	C:\WINDOWS\SYSTEM32\USERENV.dll
0x00007ffd4a5d0000 - 0x00007ffd4a5dc000 	C:\WINDOWS\SYSTEM32\CRYPTBASE.dll
0x00007ffd49920000 - 0x00007ffd4994d000 	C:\WINDOWS\SYSTEM32\IPHLPAPI.DLL
0x00007ffd4bc30000 - 0x00007ffd4bc39000 	C:\WINDOWS\System32\NSI.dll
0x00007ffd47100000 - 0x00007ffd47119000 	C:\WINDOWS\SYSTEM32\dhcpcsvc6.DLL
0x00007ffd470e0000 - 0x00007ffd470ff000 	C:\WINDOWS\SYSTEM32\dhcpcsvc.DLL
0x00007ffd49990000 - 0x00007ffd49a88000 	C:\WINDOWS\SYSTEM32\DNSAPI.dll
0x00007ffd3e0a0000 - 0x00007ffd3e0a9000 	C:\Program Files\Android\Android Studio\jbr\bin\extnet.dll
0x00007ffd466c0000 - 0x00007ffd466c8000 	C:\WINDOWS\system32\wshunix.dll

dbghelp: loaded successfully - version: 4.0.5 - missing functions: none
symbol engine: initialized successfully - sym options: 0x614 - pdb path: .;C:\Program Files\Android\Android Studio\jbr\bin;C:\WINDOWS\SYSTEM32;C:\WINDOWS\WinSxS\amd64_microsoft.windows.common-controls_6595b64144ccf1df_6.0.22621.3672_none_2713b9d173822955;C:\Program Files\Android\Android Studio\jbr\bin\server;C:\Users\x\.gradle\native\c067742578af261105cb4f569cf0c3c89f3d7b1fecec35dd04571415982c5e48\windows-amd64;C:\Users\x\.gradle\native\38dada09dfb8b06ba9b0570ebf7e218e3eb74d4ef43ca46872605cf95ebc2f47\windows-amd64

VM Arguments:
jvm_args: --add-opens=java.base/java.util=ALL-UNNAMED --add-opens=java.base/java.lang=ALL-UNNAMED --add-opens=java.base/java.lang.invoke=ALL-UNNAMED --add-opens=java.prefs/java.util.prefs=ALL-UNNAMED --add-opens=java.base/java.nio.charset=ALL-UNNAMED --add-opens=java.base/java.net=ALL-UNNAMED --add-opens=java.base/java.util.concurrent.atomic=ALL-UNNAMED -Xmx2048m -Dfile.encoding=UTF-8 -Duser.country=VN -Duser.language=vi -Duser.variant -javaagent:C:\Users\x\.gradle\wrapper\dists\gradle-8.7-bin\bhs2wmbdwecv87pi65oeuq5iu\gradle-8.7\lib\agents\gradle-instrumentation-agent-8.7.jar 
java_command: org.gradle.launcher.daemon.bootstrap.GradleDaemon 8.7
java_class_path (initial): C:\Users\x\.gradle\wrapper\dists\gradle-8.7-bin\bhs2wmbdwecv87pi65oeuq5iu\gradle-8.7\lib\gradle-launcher-8.7.jar
Launcher Type: SUN_STANDARD

[Global flags]
     intx CICompilerCount                          = 4                                         {product} {ergonomic}
     uint ConcGCThreads                            = 2                                         {product} {ergonomic}
     uint G1ConcRefinementThreads                  = 8                                         {product} {ergonomic}
   size_t G1HeapRegionSize                         = 1048576                                   {product} {ergonomic}
    uintx GCDrainStackTargetSize                   = 64                                        {product} {ergonomic}
   size_t InitialHeapSize                          = 100663296                                 {product} {ergonomic}
   size_t MarkStackSize                            = 4194304                                   {product} {ergonomic}
   size_t MaxHeapSize                              = 2147483648                                {product} {command line}
   size_t MaxNewSize                               = 1287651328                                {product} {ergonomic}
   size_t MinHeapDeltaBytes                        = 1048576                                   {product} {ergonomic}
   size_t MinHeapSize                              = 8388608                                   {product} {ergonomic}
    uintx NonNMethodCodeHeapSize                   = 5839372                                {pd product} {ergonomic}
    uintx NonProfiledCodeHeapSize                  = 122909434                              {pd product} {ergonomic}
    uintx ProfiledCodeHeapSize                     = 122909434                              {pd product} {ergonomic}
    uintx ReservedCodeCacheSize                    = 251658240                              {pd product} {ergonomic}
     bool SegmentedCodeCache                       = true                                      {product} {ergonomic}
   size_t SoftMaxHeapSize                          = 2147483648                             {manageable} {ergonomic}
     bool UseCompressedClassPointers               = true                           {product lp64_product} {ergonomic}
     bool UseCompressedOops                        = true                           {product lp64_product} {ergonomic}
     bool UseG1GC                                  = true                                      {product} {ergonomic}
     bool UseLargePagesIndividualAllocation        = false                                  {pd product} {ergonomic}

Logging:
Log output configuration:
 #0: stdout all=warning uptime,level,tags
 #1: stderr all=off uptime,level,tags

Environment Variables:
PATH=C:\Program Files\Common Files\Oracle\Java\javapath;C:\WINDOWS\system32;C:\WINDOWS;C:\WINDOWS\System32\Wbem;C:\WINDOWS\System32\WindowsPowerShell\v1.0\;C:\WINDOWS\System32\OpenSSH\;C:\Program Files\Git\cmd;C:\Users\x\AppData\Local\Programs\Python\Python312\Scripts\;C:\Users\x\AppData\Local\Programs\Python\Python312\;C:\Users\x\AppData\Local\Programs\Python\Launcher\;C:\Users\x\AppData\Local\Microsoft\WindowsApps;C:\Users\x\AppData\Local\GitHubDesktop\bin
USERNAME=x
OS=Windows_NT
PROCESSOR_IDENTIFIER=AMD64 Family 23 Model 24 Stepping 1, AuthenticAMD
TMP=C:\Users\x\AppData\Local\Temp
TEMP=C:\Users\x\AppData\Local\Temp



Periodic native trim disabled

JNI global refs:
JNI global refs: 26, weak refs: 3

JNI global refs memory usage: 843, weak refs: 841

Process memory usage:
Resident Set Size: 275016K (4% of 6203152K total physical memory with 280280K free physical memory)

OOME stack traces (most recent first):
Classloader memory used:
Loader org.gradle.internal.classloader.VisitableURLClassLoader                         : 3521K
Loader bootstrap                                                                       : 2465K
Loader org.gradle.initialization.MixInLegacyTypesClassLoader                           : 1101K
Loader org.gradle.internal.classloader.VisitableURLClassLoader$InstrumentingVisitableURLClassLoader: 340K
Loader jdk.internal.loader.ClassLoaders$PlatformClassLoader                            : 67427B
Loader jdk.internal.loader.ClassLoaders$AppClassLoader                                 : 28747B
Loader jdk.internal.reflect.DelegatingClassLoader                                      : 27611B
Loader org.gradle.internal.classloader.VisitableURLClassLoader                         : 14697B

Classes loaded by more than one classloader:
Class Program                                                                         : loaded 4 times (x 72B)
Class com.google.common.collect.Iterators$MergingIterator                             : loaded 2 times (x 79B)
Class [Lcom.google.common.collect.AbstractMapEntry;                                   : loaded 2 times (x 67B)
Class com.google.common.collect.SingletonImmutableList                                : loaded 2 times (x 167B)
Class org.gradle.internal.classpath.ClassPath                                         : loaded 2 times (x 68B)
Class org.gradle.api.internal.classpath.DefaultModuleRegistry                         : loaded 2 times (x 84B)
Class Settings_gradle$1$1                                                             : loaded 2 times (x 72B)
Class com.google.common.collect.ListMultimap                                          : loaded 2 times (x 68B)
Class com.google.common.base.CharMatcher$JavaDigit                                    : loaded 2 times (x 109B)
Class com.google.common.base.CharMatcher$Digit                                        : loaded 2 times (x 110B)
Class com.google.common.collect.AbstractMultimap                                      : loaded 2 times (x 121B)
Class org.gradle.api.Action                                                           : loaded 2 times (x 68B)
Class com.google.common.collect.ImmutableEntry                                        : loaded 2 times (x 80B)
Class com.google.common.collect.Lists$StringAsImmutableList                           : loaded 2 times (x 167B)
Class com.google.common.base.CharMatcher                                              : loaded 2 times (x 109B)
Class com.google.common.base.CharMatcher$IsNot                                        : loaded 2 times (x 109B)
Class com.google.common.base.Splitter                                                 : loaded 2 times (x 70B)
Class com.google.common.collect.Iterators$ArrayItr                                    : loaded 2 times (x 95B)
Class org.gradle.api.internal.DefaultClassPathProvider                                : loaded 2 times (x 74B)
Class org.gradle.internal.installation.GradleInstallation$1                           : loaded 2 times (x 73B)
Class com.google.common.base.CharMatcher$BitSetMatcher                                : loaded 2 times (x 110B)
Class com.google.common.collect.ImmutableMap$IteratorBasedImmutableMap                : loaded 2 times (x 123B)
Class com.google.common.collect.ImmutableMap                                          : loaded 2 times (x 118B)
Class com.google.common.base.Converter                                                : loaded 2 times (x 88B)
Class com.google.common.collect.ImmutableSet$EmptySetBuilderImpl                      : loaded 2 times (x 74B)
Class com.google.common.base.Predicate                                                : loaded 2 times (x 68B)
Class org.gradle.internal.classloader.FilteringClassLoader                            : loaded 2 times (x 103B)
Class com.google.common.collect.RegularImmutableSet                                   : loaded 2 times (x 146B)
Class org.gradle.internal.classpath.DefaultClassPath$ImmutableUniqueList$Builder      : loaded 2 times (x 73B)
Class com.google.common.collect.Maps$8                                                : loaded 2 times (x 80B)
Class com.google.common.base.PatternCompiler                                          : loaded 2 times (x 68B)
Class com.google.common.base.CharMatcher$InRange                                      : loaded 2 times (x 109B)
Class com.google.common.collect.BiMap                                                 : loaded 2 times (x 68B)
Class com.google.common.collect.Lists                                                 : loaded 2 times (x 69B)
Class com.google.common.math.IntMath$1                                                : loaded 2 times (x 69B)
Class org.gradle.internal.classloader.ClassLoaderVisitor                              : loaded 2 times (x 74B)
Class com.google.common.math.MathPreconditions                                        : loaded 2 times (x 69B)
Class org.gradle.internal.service.DefaultServiceLocator                               : loaded 2 times (x 81B)
Class org.gradle.internal.service.UnknownServiceException                             : loaded 2 times (x 81B)
Class com.google.common.collect.ArrayListMultimap                                     : loaded 2 times (x 170B)
Class com.google.common.base.Strings                                                  : loaded 2 times (x 69B)
Class org.gradle.internal.classloader.DefaultClassLoaderFactory                       : loaded 2 times (x 80B)
Class com.google.common.collect.UnmodifiableIterator                                  : loaded 2 times (x 78B)
Class com.google.common.base.Platform$JdkPatternCompiler                              : loaded 2 times (x 73B)
Class com.google.common.base.CharMatcher$SingleWidth                                  : loaded 2 times (x 110B)
Class com.google.common.collect.Hashing                                               : loaded 2 times (x 69B)
Class com.google.common.base.JdkPattern                                               : loaded 2 times (x 73B)
Class com.google.common.collect.Multimap                                              : loaded 2 times (x 68B)
Class org.gradle.internal.classloader.VisitableURLClassLoader$Spec                    : loaded 2 times (x 72B)
Class org.gradle.api.GradleException                                                  : loaded 2 times (x 80B)
Class com.google.common.base.CharMatcher$JavaLetterOrDigit                            : loaded 2 times (x 109B)
Class org.gradle.api.internal.classpath.ModuleRegistry                                : loaded 2 times (x 68B)
Class com.google.common.collect.ImmutableCollection                                   : loaded 2 times (x 123B)
Class org.gradle.api.internal.ClassPathProvider                                       : loaded 2 times (x 68B)
Class com.google.common.collect.RegularImmutableMap$Values                            : loaded 2 times (x 167B)
Class org.gradle.internal.classloader.ClasspathUtil$1                                 : loaded 2 times (x 74B)
Class com.google.common.collect.ImmutableEnumMap                                      : loaded 2 times (x 123B)
Class com.google.common.collect.ImmutableList$ReverseImmutableList                    : loaded 2 times (x 168B)
Class org.gradle.internal.classloader.ClassLoaderFactory                              : loaded 2 times (x 68B)
Class com.google.common.collect.ObjectArrays                                          : loaded 2 times (x 69B)
Class com.google.common.collect.Iterators$10                                          : loaded 2 times (x 79B)
Class com.google.common.collect.ImmutableList                                         : loaded 2 times (x 166B)
Class org.gradle.api.internal.classpath.ManifestUtil                                  : loaded 2 times (x 69B)
Class org.gradle.api.specs.Spec                                                       : loaded 2 times (x 68B)
Class com.google.common.base.CharMatcher$Whitespace                                   : loaded 2 times (x 110B)
Class com.google.common.collect.Iterators$1                                           : loaded 2 times (x 79B)
Class com.google.common.collect.Iterators$4                                           : loaded 2 times (x 80B)
Class com.google.common.collect.RegularImmutableMap$BucketOverflowException           : loaded 2 times (x 80B)
Class com.google.common.collect.Iterators$5                                           : loaded 2 times (x 80B)
Class com.google.common.base.Preconditions                                            : loaded 2 times (x 69B)
Class com.google.common.base.Function                                                 : loaded 2 times (x 68B)
Class com.google.common.collect.Iterators$9                                           : loaded 2 times (x 79B)
Class org.gradle.internal.IoActions                                                   : loaded 2 times (x 69B)
Class com.google.common.collect.RegularImmutableMap$KeySet                            : loaded 2 times (x 148B)
Class com.google.common.collect.CollectPreconditions                                  : loaded 2 times (x 69B)
Class com.google.common.collect.Maps                                                  : loaded 2 times (x 69B)
Class com.google.common.collect.RegularImmutableMap                                   : loaded 2 times (x 119B)
Class com.google.common.collect.AbstractIndexedListIterator                           : loaded 2 times (x 94B)
Class com.google.common.base.CharMatcher$None                                         : loaded 2 times (x 110B)
Class org.gradle.api.internal.classpath.EffectiveClassPath                            : loaded 2 times (x 88B)
Class com.google.common.collect.UnmodifiableListIterator                              : loaded 2 times (x 93B)
Class com.google.common.collect.ImmutableList$1                                       : loaded 2 times (x 95B)
Class com.google.common.base.Splitter$Strategy                                        : loaded 2 times (x 68B)
Class com.google.common.collect.ImmutableMapEntrySet$RegularEntrySet                  : loaded 2 times (x 149B)
Class [Lcom.google.common.collect.ImmutableMapEntry;                                  : loaded 2 times (x 67B)
Class org.gradle.internal.installation.CurrentGradleInstallation                      : loaded 2 times (x 71B)
Class org.gradle.internal.agents.InstrumentingClassLoader                             : loaded 2 times (x 68B)
Class org.gradle.internal.installation.CurrentGradleInstallationLocator               : loaded 2 times (x 69B)
Class org.gradle.api.internal.classpath.Module                                        : loaded 2 times (x 68B)
Class com.google.common.base.Splitter$1$1                                             : loaded 2 times (x 84B)
Class com.google.common.collect.ImmutableSet$JdkBackedSetBuilderImpl                  : loaded 2 times (x 74B)
Class com.google.common.collect.ImmutableSet$RegularSetBuilderImpl                    : loaded 2 times (x 75B)
Class org.gradle.internal.service.CachingServiceLocator                               : loaded 2 times (x 80B)
Class [Lcom.google.common.collect.ImmutableEntry;                                     : loaded 2 times (x 67B)
Class org.gradle.internal.classpath.DefaultClassPath                                  : loaded 2 times (x 88B)
Class com.google.common.base.Splitter$SplittingIterator                               : loaded 2 times (x 82B)
Class Build_gradle$1                                                                  : loaded 2 times (x 76B)
Class com.google.common.base.CharMatcher$Is                                           : loaded 2 times (x 109B)
Class com.google.common.base.Platform                                                 : loaded 2 times (x 69B)
Class com.google.common.collect.RegularImmutableAsList                                : loaded 2 times (x 176B)
Class com.google.common.collect.PeekingIterator                                       : loaded 2 times (x 68B)
Class com.google.common.collect.ImmutableMapEntrySet                                  : loaded 2 times (x 149B)
Class com.google.common.collect.ImmutableBiMapFauxverideShim                          : loaded 2 times (x 118B)
Class org.gradle.internal.classloader.SystemClassLoaderSpec                           : loaded 2 times (x 69B)
Class com.google.common.collect.SingletonImmutableSet                                 : loaded 2 times (x 144B)
Class [Lcom.google.common.base.AbstractIterator$State;                                : loaded 2 times (x 67B)
Class com.google.common.collect.ImmutableMap$Builder                                  : loaded 2 times (x 80B)
Class com.google.common.base.AbstractIterator                                         : loaded 2 times (x 78B)
Class com.google.common.base.AbstractIterator$1                                       : loaded 2 times (x 69B)
Class com.google.common.collect.Iterators                                             : loaded 2 times (x 69B)
Class com.google.common.base.CharMatcher$1                                            : loaded 2 times (x 111B)
Class com.google.common.base.CharMatcher$Ascii                                        : loaded 2 times (x 110B)
Class org.gradle.api.UncheckedIOException                                             : loaded 2 times (x 80B)
Class com.google.common.base.CharMatcher$And                                          : loaded 2 times (x 110B)
Class com.google.common.collect.IndexedImmutableSet                                   : loaded 2 times (x 148B)
Class com.google.common.collect.AbstractListMultimap                                  : loaded 2 times (x 170B)
Class com.google.common.base.CharMatcher$Any                                          : loaded 2 times (x 110B)
Class org.gradle.internal.installation.GradleInstallation                             : loaded 2 times (x 73B)
Class com.google.common.collect.ArrayListMultimapGwtSerializationDependencies         : loaded 2 times (x 170B)
Class com.google.common.base.CharMatcher$RangesMatcher                                : loaded 2 times (x 110B)
Class com.google.common.collect.ImmutableList$SubList                                 : loaded 2 times (x 168B)
Class org.gradle.internal.classloader.ClasspathUtil                                   : loaded 2 times (x 69B)
Class com.google.common.base.Splitter$1                                               : loaded 2 times (x 75B)
Class com.google.common.collect.Maps$BiMapConverter                                   : loaded 2 times (x 88B)
Class org.gradle.api.internal.DefaultClassPathRegistry                                : loaded 2 times (x 74B)
Class com.google.common.collect.ImmutableSet$SetBuilderImpl                           : loaded 2 times (x 74B)
Class org.gradle.api.internal.classpath.DefaultModuleRegistry$DefaultModule           : loaded 2 times (x 84B)
Class com.google.common.base.CharMatcher$JavaIsoControl                               : loaded 2 times (x 110B)
Class com.google.common.collect.ImmutableMap$1                                        : loaded 2 times (x 79B)
Class com.google.common.base.CharMatcher$Or                                           : loaded 2 times (x 110B)
Class org.gradle.kotlin.dsl.VersionCatalogAccessorsKt                                 : loaded 2 times (x 69B)
Class com.google.common.collect.Iterables                                             : loaded 2 times (x 69B)
Class com.google.common.base.CharMatcher$JavaLowerCase                                : loaded 2 times (x 109B)
Class org.gradle.api.internal.classpath.UnknownModuleException                        : loaded 2 times (x 80B)
Class com.google.common.collect.Maps$EntryTransformer                                 : loaded 2 times (x 68B)
Class com.google.common.collect.ImmutableCollection$Builder                           : loaded 2 times (x 74B)
Class com.google.common.base.CommonPattern                                            : loaded 2 times (x 72B)
Class org.gradle.internal.service.ServiceLookupException                              : loaded 2 times (x 80B)
Class org.gradle.cache.GlobalCache                                                    : loaded 2 times (x 68B)
Class com.google.common.base.CharMatcher$NegatedFastMatcher                           : loaded 2 times (x 111B)
Class [Lorg.gradle.api.internal.ClassPathProvider;                                    : loaded 2 times (x 67B)
Class org.gradle.util.internal.GUtil                                                  : loaded 2 times (x 69B)
Class com.google.common.math.IntMath                                                  : loaded 2 times (x 69B)
Class com.google.common.collect.AbstractIterator                                      : loaded 2 times (x 80B)
Class org.gradle.internal.classloader.ClassLoaderSpec                                 : loaded 2 times (x 69B)
Class com.google.common.base.NullnessCasts                                            : loaded 2 times (x 69B)
Class com.google.common.collect.AbstractMapEntry                                      : loaded 2 times (x 79B)
Class com.google.common.base.CharMatcher$Negated                                      : loaded 2 times (x 111B)
Class com.google.common.collect.ImmutableSet$Builder                                  : loaded 2 times (x 83B)
Class com.google.common.base.CharMatcher$ForPredicate                                 : loaded 2 times (x 110B)
Class com.google.common.collect.ImmutableMap$MapViewOfValuesAsSingletonSets           : loaded 2 times (x 123B)
Class com.google.common.collect.SortedMapDifference                                   : loaded 2 times (x 68B)
Class org.gradle.internal.classloader.VisitableURLClassLoader                         : loaded 2 times (x 115B)
Class com.google.common.collect.ImmutableBiMap                                        : loaded 2 times (x 141B)
Class org.gradle.internal.Cast                                                        : loaded 2 times (x 69B)
Class Build_gradle                                                                    : loaded 2 times (x 70B)
Class org.gradle.api.internal.ClassPathRegistry                                       : loaded 2 times (x 68B)
Class com.google.common.collect.ImmutableSet                                          : loaded 2 times (x 143B)
Class org.gradle.internal.classloader.VisitableURLClassLoader$InstrumentingVisitableURLClassLoader: loaded 2 times (x 121B)
Class org.gradle.internal.classloader.ClassLoaderHierarchy                            : loaded 2 times (x 68B)
Class com.google.common.base.AbstractIterator$State                                   : loaded 2 times (x 77B)
Class com.google.common.base.CharMatcher$NamedFastMatcher                             : loaded 2 times (x 110B)
Class org.gradle.internal.InternalTransformer                                         : loaded 2 times (x 68B)
Class org.gradle.internal.service.ServiceLocator                                      : loaded 2 times (x 68B)
Class Settings_gradle$1                                                               : loaded 2 times (x 72B)
Class com.google.common.collect.ImmutableMapEntry                                     : loaded 2 times (x 83B)
Class com.google.common.base.CharMatcher$Invisible                                    : loaded 2 times (x 110B)
Class com.google.common.base.CharMatcher$FastMatcher                                  : loaded 2 times (x 109B)
Class org.gradle.internal.classpath.DefaultClassPath$ImmutableUniqueList              : loaded 2 times (x 159B)
Class com.google.common.base.CharMatcher$JavaLetter                                   : loaded 2 times (x 109B)
Class org.gradle.internal.classpath.TransformedClassPath                              : loaded 2 times (x 94B)
Class com.google.common.collect.MapDifference                                         : loaded 2 times (x 68B)
Class Settings_gradle                                                                 : loaded 2 times (x 126B)
Class com.google.common.collect.Platform                                              : loaded 2 times (x 69B)
Class com.google.common.collect.ImmutableAsList                                       : loaded 2 times (x 169B)
Class com.google.common.base.CharMatcher$AnyOf                                        : loaded 2 times (x 110B)
Class com.google.common.base.CharMatcher$IsEither                                     : loaded 2 times (x 109B)
Class com.google.common.collect.RegularImmutableList                                  : loaded 2 times (x 172B)
Class com.google.common.base.CharMatcher$JavaUpperCase                                : loaded 2 times (x 109B)
Class com.google.common.collect.Multiset                                              : loaded 2 times (x 68B)
Class com.google.common.collect.ImmutableSet$CachingAsList                            : loaded 2 times (x 145B)
Class com.google.common.collect.ImmutableMapEntry$NonTerminalImmutableMapEntry        : loaded 2 times (x 83B)
Class com.google.common.collect.AbstractMapBasedMultimap                              : loaded 2 times (x 137B)


---------------  S Y S T E M  ---------------

OS:
 Windows 11 , 64 bit Build 22621 (10.0.22621.3958)
OS uptime: 0 days 0:58 hours
Hyper-V role detected

CPU: total 8 (initial active 8) (8 cores per cpu, 2 threads per core) family 23 model 24 stepping 1 microcode 0x0, cx8, cmov, fxsr, ht, mmx, 3dnowpref, sse, sse2, sse3, ssse3, sse4a, sse4.1, sse4.2, popcnt, lzcnt, tsc, tscinvbit, avx, avx2, aes, clmul, bmi1, bmi2, adx, sha, fma, vzeroupper, clflush, clflushopt, hv
Processor Information for all 8 processors :
  Max Mhz: 2100, Current Mhz: 2100, Mhz Limit: 2100

Memory: 4k page, system-wide physical 6057M (270M free)
TotalPageFile size 8105M (AvailPageFile size 0M)
current process WorkingSet (physical memory assigned to process): 269M, peak: 269M
current process commit charge ("private bytes"): 304M, peak: 304M

vm_info: OpenJDK 64-Bit Server VM (17.0.11+0--11852314) for windows-amd64 JRE (17.0.11+0--11852314), built on May 16 2024 21:29:20 by "androidbuild" with MS VC++ 16.10 / 16.11 (VS2019)

END.
